<?xml version="1.0" encoding="UTF-8"?>
<!-- Generated by org.testng.reporters.JUnitXMLReporter -->
<testsuite hostname="LAPTOP-1MVI6MI9" ignored="1" name="Testing parameterization" tests="2" failures="0" timestamp="2022-01-18T13:46:27 IST" time="23.701" errors="0">
  <testcase name="testcaseone" time="0.014" classname="TESTNGANNoTATION.Parameterization"/>
  <testcase name="testloginofActitime" time="23.644" classname="TESTNGANNoTATION.Parameterization"/>
  <testcase name="testcasetwo" time="0.0" classname="TESTNGANNoTATION.Parameterization">
    <ignored/>
  </testcase> <!-- testcasetwo -->
</testsuite> <!-- Testing parameterization -->
