<?xml version="1.0" encoding="UTF-8"?>
<!-- Generated by org.testng.reporters.JUnitXMLReporter -->
<testsuite hostname="LAPTOP-1MVI6MI9" ignored="0" name="parameterization test" tests="3" failures="0" timestamp="2022-01-18T14:44:48 IST" time="17.575" errors="0">
  <testcase name="browseropen" time="0.013" classname="TESTNGANNoTATION.parameterization1"/>
  <testcase name="Signuptest" time="0.001" classname="TESTNGANNoTATION.parameterization1"/>
  <testcase name="logininActitime" time="17.512" classname="TESTNGANNoTATION.parameterization1"/>
</testsuite> <!-- parameterization test -->
