<?xml version="1.0" encoding="UTF-8"?>
<!-- Generated by org.testng.reporters.JUnitXMLReporter -->
<testsuite hostname="LAPTOP-1MVI6MI9" ignored="0" name="Regression" tests="8" failures="0" timestamp="2022-01-18T12:39:03 IST" time="0.089" errors="0">
  <testcase name="testcasefive" time="0.01" classname="TESTNGANNoTATION.GroupExample"/>
  <testcase name="testcasefour" time="0.001" classname="TESTNGANNoTATION.GroupExample"/>
  <testcase name="testcaseone" time="0.001" classname="TESTNGANNoTATION.GroupExample"/>
  <testcase name="testcasethree" time="0.003" classname="TESTNGANNoTATION.GroupExample"/>
  <testcase name="testcasetwo" time="0.002" classname="TESTNGANNoTATION.GroupExample"/>
  <testcase name="addDepartmentTestCase" time="0.0" classname="TESTNGANNoTATION.IncludeAndExcludeTestMethods"/>
  <testcase name="addEmployeeTestCase" time="0.001" classname="TESTNGANNoTATION.IncludeAndExcludeTestMethods"/>
  <testcase name="addLocationTestCase" time="0.002" classname="TESTNGANNoTATION.IncludeAndExcludeTestMethods"/>
</testsuite> <!-- Regression -->
