<?xml version="1.0" encoding="UTF-8"?>
<!-- Generated by org.testng.reporters.JUnitXMLReporter -->
<testsuite hostname="LAPTOP-1MVI6MI9" ignored="5" tests="0" failures="0" timestamp="2022-01-11T15:45:16 IST" time="0.019" errors="0">
  <testcase name="testcasefour" time="0.0" classname="TESTNGANNoTATION.GroupExample">
    <ignored/>
  </testcase> <!-- testcasefour -->
  <testcase name="testcasetwo" time="0.0" classname="TESTNGANNoTATION.GroupExample">
    <ignored/>
  </testcase> <!-- testcasetwo -->
  <testcase name="testcaseone" time="0.0" classname="TESTNGANNoTATION.GroupExample">
    <ignored/>
  </testcase> <!-- testcaseone -->
  <testcase name="testcasethree" time="0.0" classname="TESTNGANNoTATION.GroupExample">
    <ignored/>
  </testcase> <!-- testcasethree -->
  <testcase name="testcasefive" time="0.0" classname="TESTNGANNoTATION.GroupExample">
    <ignored/>
  </testcase> <!-- testcasefive -->
</testsuite>
