<?xml version="1.0" encoding="UTF-8"?>
<!-- Generated by org.testng.reporters.JUnitXMLReporter -->
<testsuite hostname="LAPTOP-1MVI6MI9" ignored="1" name="Method Test Cases" tests="2" failures="0" timestamp="2022-01-11T16:16:02 IST" time="0.06" errors="0">
  <testcase name="addLocationTestCase" time="0.011" classname="TESTNGANNoTATION.IncludeAndExcludeTestMethods"/>
  <testcase name="addDepartmentTestCase" time="0.001" classname="TESTNGANNoTATION.IncludeAndExcludeTestMethods"/>
  <testcase name="addEmployeeTestCase" time="0.0" classname="TESTNGANNoTATION.IncludeAndExcludeTestMethods">
    <ignored/>
  </testcase> <!-- addEmployeeTestCase -->
</testsuite> <!-- Method Test Cases -->
