<?xml version="1.0" encoding="UTF-8"?>
<!-- Generated by org.testng.reporters.JUnitXMLReporter -->
<testsuite hostname="LAPTOP-1MVI6MI9" ignored="0" name="Regression1" tests="5" failures="0" timestamp="2022-01-18T11:41:15 IST" time="0.079" errors="0">
  <testcase name="testcasefour" time="0.011" classname="TESTNGANNoTATION.GroupExample"/>
  <testcase name="testcasefive" time="0.009" classname="TESTNGANNoTATION.GroupExample"/>
  <testcase name="testcaseone" time="0.002" classname="TESTNGANNoTATION.GroupExample"/>
  <testcase name="testcasethree" time="0.003" classname="TESTNGANNoTATION.GroupExample"/>
  <testcase name="testcasetwo" time="0.001" classname="TESTNGANNoTATION.GroupExample"/>
</testsuite> <!-- Regression1 -->
