<?xml version="1.0" encoding="UTF-8"?>
<!-- Generated by org.testng.reporters.JUnitXMLReporter -->
<testsuite hostname="LAPTOP-1MVI6MI9" ignored="0" name="Testcases" tests="3" failures="0" timestamp="2022-01-18T08:33:31 IST" time="0.067" errors="0">
  <testcase name="testcase1" time="0.009" classname="TestNGAnnotationAtributes.Description"/>
  <testcase name="testcase2" time="0.001" classname="TestNGAnnotationAtributes.Description"/>
  <testcase name="workhard" time="0.001" classname="TestNGAnnotationAtributes.Description"/>
</testsuite> <!-- Testcases -->
